# JRE version: Java(TM) SE Runtime Environment (7.0_51-b13) (build 1.7.0_51-b13)
# Java VM: Java HotSpot(TM) 64-Bit Server VM (24.51-b03 mixed mode bsd-amd64 compressed oops)
Heap
 PSYoungGen      total 72704K, used 67727K [0x000000015f000000, 0x0000000163c00000, 0x0000000189b00000)
  eden space 67584K, 92% used [0x000000015f000000,0x0000000162d2ba88,0x0000000163200000)
  from space 5120K, 99% used [0x0000000163700000,0x0000000163bf8400,0x0000000163c00000)
  to   space 5120K, 0% used [0x0000000163200000,0x0000000163200000,0x0000000163700000)
 ParOldGen       total 87040K, used 5459K [0x0000000109b00000, 0x000000010f000000, 0x000000015f000000)
  object space 87040K, 6% used [0x0000000109b00000,0x000000010a054c60,0x000000010f000000)
 PSPermGen       total 21504K, used 20446K [0x0000000104900000, 0x0000000105e00000, 0x0000000109b00000)
  object space 21504K, 95% used [0x0000000104900000,0x0000000105cf79c0,0x0000000105e00000)
GC Heap History (4 events):
Event: 0.849 GC heap before
{Heap before GC invocations=1 (full 0):
 PSYoungGen      total 38912K, used 33792K [0x000000015f000000, 0x0000000161b00000, 0x0000000189b00000)
  eden space 33792K, 100% used [0x000000015f000000,0x0000000161100000,0x0000000161100000)
  from space 5120K, 0% used [0x0000000161600000,0x0000000161600000,0x0000000161b00000)
  to   space 5120K, 0% used [0x0000000161100000,0x0000000161100000,0x0000000161600000)
 ParOldGen       total 87040K, used 0K [0x0000000109b00000, 0x000000010f000000, 0x000000015f000000)
  object space 87040K, 0% used [0x0000000109b00000,0x0000000109b00000,0x000000010f000000)
 PSPermGen       total 21504K, used 12671K [0x0000000104900000, 0x0000000105e00000, 0x0000000109b00000)
  object space 21504K, 58% used [0x0000000104900000,0x000000010555fe00,0x0000000105e00000)
Event: 0.858 GC heap after
Heap after GC invocations=1 (full 0):
 PSYoungGen      total 38912K, used 5101K [0x000000015f000000, 0x0000000163c00000, 0x0000000189b00000)
  eden space 33792K, 0% used [0x000000015f000000,0x000000015f000000,0x0000000161100000)
  from space 5120K, 99% used [0x0000000161100000,0x00000001615fb658,0x0000000161600000)
  to   space 5120K, 0% used [0x0000000163700000,0x0000000163700000,0x0000000163c00000)
 ParOldGen       total 87040K, used 2529K [0x0000000109b00000, 0x000000010f000000, 0x000000015f000000)
  object space 87040K, 2% used [0x0000000109b00000,0x0000000109d784c8,0x000000010f000000)
 PSPermGen       total 21504K, used 12671K [0x0000000104900000, 0x0000000105e00000, 0x0000000109b00000)
  object space 21504K, 58% used [0x0000000104900000,0x000000010555fe00,0x0000000105e00000)
}
Event: 1.509 GC heap before
{Heap before GC invocations=2 (full 0):
 PSYoungGen      total 38912K, used 38893K [0x000000015f000000, 0x0000000163c00000, 0x0000000189b00000)
  eden space 33792K, 100% used [0x000000015f000000,0x0000000161100000,0x0000000161100000)
  from space 5120K, 99% used [0x0000000161100000,0x00000001615fb658,0x0000000161600000)
  to   space 5120K, 0% used [0x0000000163700000,0x0000000163700000,0x0000000163c00000)
 ParOldGen       total 87040K, used 2529K [0x0000000109b00000, 0x000000010f000000, 0x000000015f000000)
  object space 87040K, 2% used [0x0000000109b00000,0x0000000109d784c8,0x000000010f000000)
 PSPermGen       total 21504K, used 17951K [0x0000000104900000, 0x0000000105e00000, 0x0000000109b00000)
  object space 21504K, 83% used [0x0000000104900000,0x0000000105a87d18,0x0000000105e00000)
Event: 1.520 GC heap after
Heap after GC invocations=2 (full 0):
 PSYoungGen      total 72704K, used 5089K [0x000000015f000000, 0x0000000163c00000, 0x0000000189b00000)
  eden space 67584K, 0% used [0x000000015f000000,0x000000015f000000,0x0000000163200000)
  from space 5120K, 99% used [0x0000000163700000,0x0000000163bf8400,0x0000000163c00000)
  to   space 5120K, 0% used [0x0000000163200000,0x0000000163200000,0x0000000163700000)
 ParOldGen       total 87040K, used 5459K [0x0000000109b00000, 0x000000010f000000, 0x000000015f000000)
  object space 87040K, 6% used [0x0000000109b00000,0x000000010a054c60,0x000000010f000000)
 PSPermGen       total 21504K, used 17951K [0x0000000104900000, 0x0000000105e00000, 0x0000000109b00000)
  object space 21504K, 83% used [0x0000000104900000,0x0000000105a87d18,0x0000000105e00000)
}

