# JRE version: Java(TM) SE Runtime Environment (7.0_51-b13) (build 1.7.0_51-b13)
# Java VM: Java HotSpot(TM) 64-Bit Server VM (24.51-b03 mixed mode bsd-amd64 compressed oops)
Heap
 PSYoungGen      total 38912K, used 6453K [0x0000000164700000, 0x0000000167200000, 0x000000018f200000)
  eden space 33792K, 4% used [0x0000000164700000,0x00000001648555a0,0x0000000166800000)
  from space 5120K, 99% used [0x0000000166800000,0x0000000166cf8060,0x0000000166d00000)
  to   space 5120K, 0% used [0x0000000166d00000,0x0000000166d00000,0x0000000167200000)
 ParOldGen       total 87040K, used 6654K [0x000000010f200000, 0x0000000114700000, 0x0000000164700000)
  object space 87040K, 7% used [0x000000010f200000,0x000000010f87f948,0x0000000114700000)
 PSPermGen       total 21504K, used 19822K [0x000000010a000000, 0x000000010b500000, 0x000000010f200000)
  object space 21504K, 92% used [0x000000010a000000,0x000000010b35b888,0x000000010b500000)
GC Heap History (6 events):
Event: 1.293 GC heap before
{Heap before GC invocations=1 (full 0):
 PSYoungGen      total 38912K, used 33792K [0x0000000164700000, 0x0000000167200000, 0x000000018f200000)
  eden space 33792K, 100% used [0x0000000164700000,0x0000000166800000,0x0000000166800000)
  from space 5120K, 0% used [0x0000000166d00000,0x0000000166d00000,0x0000000167200000)
  to   space 5120K, 0% used [0x0000000166800000,0x0000000166800000,0x0000000166d00000)
 ParOldGen       total 87040K, used 0K [0x000000010f200000, 0x0000000114700000, 0x0000000164700000)
  object space 87040K, 0% used [0x000000010f200000,0x000000010f200000,0x0000000114700000)
 PSPermGen       total 21504K, used 12644K [0x000000010a000000, 0x000000010b500000, 0x000000010f200000)
  object space 21504K, 58% used [0x000000010a000000,0x000000010ac59380,0x000000010b500000)
Event: 1.301 GC heap after
Heap after GC invocations=1 (full 0):
 PSYoungGen      total 38912K, used 5103K [0x0000000164700000, 0x0000000167200000, 0x000000018f200000)
  eden space 33792K, 0% used [0x0000000164700000,0x0000000164700000,0x0000000166800000)
  from space 5120K, 99% used [0x0000000166800000,0x0000000166cfbf80,0x0000000166d00000)
  to   space 5120K, 0% used [0x0000000166d00000,0x0000000166d00000,0x0000000167200000)
 ParOldGen       total 87040K, used 2549K [0x000000010f200000, 0x0000000114700000, 0x0000000164700000)
  object space 87040K, 2% used [0x000000010f200000,0x000000010f47d7b8,0x0000000114700000)
 PSPermGen       total 21504K, used 12644K [0x000000010a000000, 0x000000010b500000, 0x000000010f200000)
  object space 21504K, 58% used [0x000000010a000000,0x000000010ac59380,0x000000010b500000)
}
Event: 2.013 GC heap before
{Heap before GC invocations=2 (full 0):
 PSYoungGen      total 38912K, used 38895K [0x0000000164700000, 0x0000000167200000, 0x000000018f200000)
  eden space 33792K, 100% used [0x0000000164700000,0x0000000166800000,0x0000000166800000)
  from space 5120K, 99% used [0x0000000166800000,0x0000000166cfbf80,0x0000000166d00000)
  to   space 5120K, 0% used [0x0000000166d00000,0x0000000166d00000,0x0000000167200000)
 ParOldGen       total 87040K, used 2549K [0x000000010f200000, 0x0000000114700000, 0x0000000164700000)
  object space 87040K, 2% used [0x000000010f200000,0x000000010f47d7b8,0x0000000114700000)
 PSPermGen       total 21504K, used 17914K [0x000000010a000000, 0x000000010b500000, 0x000000010f200000)
  object space 21504K, 83% used [0x000000010a000000,0x000000010b17e940,0x000000010b500000)
Event: 2.023 GC heap after
Heap after GC invocations=2 (full 0):
 PSYoungGen      total 38912K, used 5107K [0x0000000164700000, 0x0000000169300000, 0x000000018f200000)
  eden space 33792K, 0% used [0x0000000164700000,0x0000000164700000,0x0000000166800000)
  from space 5120K, 99% used [0x0000000166d00000,0x00000001671fce00,0x0000000167200000)
  to   space 5120K, 0% used [0x0000000166800000,0x0000000166800000,0x0000000166d00000)
 ParOldGen       total 87040K, used 5529K [0x000000010f200000, 0x0000000114700000, 0x0000000164700000)
  object space 87040K, 6% used [0x000000010f200000,0x000000010f7664a0,0x0000000114700000)
 PSPermGen       total 21504K, used 17914K [0x000000010a000000, 0x000000010b500000, 0x000000010f200000)
  object space 21504K, 83% used [0x000000010a000000,0x000000010b17e940,0x000000010b500000)
}
Event: 692.806 GC heap before
{Heap before GC invocations=3 (full 0):
 PSYoungGen      total 38912K, used 38899K [0x0000000164700000, 0x0000000169300000, 0x000000018f200000)
  eden space 33792K, 100% used [0x0000000164700000,0x0000000166800000,0x0000000166800000)
  from space 5120K, 99% used [0x0000000166d00000,0x00000001671fce00,0x0000000167200000)
  to   space 5120K, 0% used [0x0000000166800000,0x0000000166800000,0x0000000166d00000)
 ParOldGen       total 87040K, used 5529K [0x000000010f200000, 0x0000000114700000, 0x0000000164700000)
  object space 87040K, 6% used [0x000000010f200000,0x000000010f7664a0,0x0000000114700000)
 PSPermGen       total 21504K, used 19820K [0x000000010a000000, 0x000000010b500000, 0x000000010f200000)
  object space 21504K, 92% used [0x000000010a000000,0x000000010b35b348,0x000000010b500000)
Event: 692.814 GC heap after
Heap after GC invocations=3 (full 0):
 PSYoungGen      total 38912K, used 5088K [0x0000000164700000, 0x0000000167200000, 0x000000018f200000)
  eden space 33792K, 0% used [0x0000000164700000,0x0000000164700000,0x0000000166800000)
  from space 5120K, 99% used [0x0000000166800000,0x0000000166cf8060,0x0000000166d00000)
  to   space 5120K, 0% used [0x0000000166d00000,0x0000000166d00000,0x0000000167200000)
 ParOldGen       total 87040K, used 6654K [0x000000010f200000, 0x0000000114700000, 0x0000000164700000)
  object space 87040K, 7% used [0x000000010f200000,0x000000010f87f948,0x0000000114700000)
 PSPermGen       total 21504K, used 19820K [0x000000010a000000, 0x000000010b500000, 0x000000010f200000)
  object space 21504K, 92% used [0x000000010a000000,0x000000010b35b348,0x000000010b500000)
}

